<?xml version="1.0" encoding="UTF-8"?>
<beans xmlns="http://www.springframework.org/schema/beans"
	xmlns:xsi="http://www.w3.org/2001/XMLSchema-instance"
	xmlns:context="http://www.springframework.org/schema/context"
	xmlns:util="http://www.springframework.org/schema/util"
	xsi:schemaLocation="http://www.springframework.org/schema/beans http://www.springframework.org/schema/beans/spring-beans.xsd
		http://www.springframework.org/schema/context http://www.springframework.org/schema/context/spring-context.xsd
		http://www.springframework.org/schema/util http://www.springframework.org/schema/util/spring-util.xsd">

	<context:property-placeholder location="classpath:*.properties" />

	<bean id="DatabaseIdentifierBean" class="java.lang.String">
		<constructor-arg>
			<util:constant static-field="org.gk.model.ReactomeJavaConstants.DatabaseIdentifier"/>
		</constructor-arg>
	</bean>

	<bean id="ReferenceGeneProductBean" class="java.lang.String">
		<constructor-arg>
			<util:constant static-field="org.gk.model.ReactomeJavaConstants.ReferenceGeneProduct"/>
		</constructor-arg>
	</bean>
	
	<bean id="crossReferenceBean" class="java.lang.String">
		<constructor-arg>
			<util:constant static-field="org.gk.model.ReactomeJavaConstants.crossReference"/>
		</constructor-arg>
	</bean>
	
	<bean id="referenceGeneBean" class="java.lang.String">
		<constructor-arg>
			<util:constant static-field="org.gk.model.ReactomeJavaConstants.referenceGene"/>
		</constructor-arg>
	</bean>

	<!-- DB Adapter 
	public MySQLAdaptor(String host,String database,String username,String password,int port)
	-->
	<bean id="dbAdapter" class="org.gk.persistence.MySQLAdaptor">
		<constructor-arg name="host" index="0" value="${database.host}"/>
		<constructor-arg name="database" index="1" value="${database.name}"/>
		<constructor-arg name="username" index="2" value="${database.user}"/>
		<constructor-arg name="password" index="3" value="${database.password}"/>
		<constructor-arg name="port" index="4" value="${database.port}"/>
	</bean>
	
	
	<bean id="maxFileAge" class="java.time.Duration" factory-method="of">
		<constructor-arg index="0">
			<value type="java.lang.Long">48</value>
		</constructor-arg>
		<constructor-arg index="1">
			<value type="java.time.temporal.ChronoUnit">HOURS</value>
		</constructor-arg>
	</bean>
	
	<!-- Beans for PRO testing. -->
	<bean class="org.reactome.addlinks.dataretrieval.FileRetriever" id="PROToReferencePeptideSequence">
		<property name="dataURL" value="ftp://ftp.pir.georgetown.edu/databases/ontology/pro_obo/PRO_mappings/uniprotmapping.txt" />
		<property name="fetchDestination" value="/tmp/addlinks-downloaded-files/PRO_to_uniprotmapping.txt" />
		<property name="maxAge">
			<ref bean="maxFileAge" />
		</property>
	</bean>
	<bean id="PROFileProcessor" class="org.reactome.addlinks.fileprocessors.PROFileProcessor">
		<property name="path">
			<bean class="java.nio.file.Paths" factory-method="get">
				<constructor-arg value="file:///tmp/addlinks-downloaded-files/PRO_to_uniprotmapping.txt"/>
			</bean>
		</property>
	</bean>
	
	<bean class="org.reactome.addlinks.referencecreators.SimpleReferenceCreator" id="PROReferenceCreator">
		<constructor-arg index="0" name="adapter" ref="dbAdapter"/>
		<constructor-arg index="1" name="classToCreate" ref="DatabaseIdentifierBean"/>
		<constructor-arg index="2" name="classReferring" ref="ReferenceGeneProductBean"/>
		<constructor-arg index="3" name="referringAttribute" ref="crossReferenceBean"/>
		<constructor-arg index="4" name="sourceDB" value="UniProt"/>
		<constructor-arg index="5" name="targetDB" value="PRO"/>
		<property name="testMode" value="true"/>
	</bean>

	<!-- Beans for Orphanet testing. -->
	<bean id="OrphanetToUniprotReferenceDNASequence"
		class="org.reactome.addlinks.dataretrieval.AuthenticatingFileRetriever">
		<property name="dataURL" value="http://www.orphadata.org/data/BDD_partners/genes_diseases_external_references.xml" />
		<property name="fetchDestination" value="/tmp/addlinks-downloaded-files/genes_diseases_external_references.xml" />
		<property name="maxAge">
			<ref bean="maxFileAge" />
		</property>
		<property name="userName" value="${orphanet.user}" />
		<property name="password" value="${orphanet.password}" />
	</bean>
	<bean id="OrphanetFileProcessor"
		class="org.reactome.addlinks.fileprocessors.OrphanetFileProcessor">
		<property name="path">
			<bean class="java.nio.file.Paths" factory-method="get">
				<constructor-arg value="file:///tmp/addlinks-downloaded-files/genes_diseases_external_references.xml"/>
			</bean>
		</property>
	</bean>
	<bean class="org.reactome.addlinks.referencecreators.SimpleReferenceCreator" id="OrphanetReferenceCreator">
		<constructor-arg index="0" name="adapter" ref="dbAdapter"/>
		<constructor-arg index="1" name="classToCreate" ref="DatabaseIdentifierBean"/>
		<constructor-arg index="2" name="classReferring" ref="ReferenceGeneProductBean"/>
		<constructor-arg index="3" name="referringAttribute" ref="referenceGeneBean"/>
		<constructor-arg index="4" name="sourceDB" value="UniProt"/>
		<constructor-arg index="5" name="targetDB" value="Orphanet"/>
		<property name="testMode" value="true"/>
	</bean>
	
	<!--  flybase testing -->
	<bean id="FlyBaseFileProcessor"
		class="org.reactome.addlinks.fileprocessors.FlyBaseFileProcessor">
		<property name="path">
			<bean class="java.nio.file.Paths" factory-method="get">
				<constructor-arg value="file:///tmp/addlinks-downloaded-files/FlyBase.tsv.gz"/>
			</bean>
		</property>
	</bean>
	<bean class="org.reactome.addlinks.dataretrieval.FileRetriever" id="FlyBaseToUniprotReferenceDNASequence">
		<property name="dataURL" value="ftp://ftp.flybase.net/releases/current/precomputed_files/genes/fbgn_NAseq_Uniprot_fb_2016_05.tsv.gz" />
		<property name="fetchDestination" value="/tmp/addlinks-downloaded-files/FlyBase.tsv.gz" />
		<property name="maxAge">
			<ref bean="maxFileAge" />
		</property>
	</bean>
</beans>